<?xml version="1.0" encoding="UTF-8"?>
<!-- Generated by org.testng.reporters.JUnitReportReporter -->
<testsuite skipped="0" hostname="Ashok" name="com.IFHTests.RegistrationPageTest" tests="2" failures="0" timestamp="2022-06-21T09:52:42 IST" time="20.854" errors="0">
  <testcase name="businessAccRegistrationPageTest" time="10.729" classname="com.IFHTests.RegistrationPageTest"/>
  <system-out/>
  <testcase name="personalAccRegistrationPageTest" time="10.125" classname="com.IFHTests.RegistrationPageTest"/>
  <system-out/>
</testsuite> <!-- com.IFHTests.RegistrationPageTest -->
