<?xml version="1.0" encoding="UTF-8"?>
<!-- Generated by org.testng.reporters.JUnitReportReporter -->
<testsuite skipped="0" hostname="Ashok" name="com.IFHTests.RegistrationPageTest" tests="1" failures="0" timestamp="2022-06-16T10:22:14 IST" time="9.880" errors="0">
  <testcase name="PersonalAccRegistrationPageTest" time="9.880" classname="com.IFHTests.RegistrationPageTest"/>
  <system-out/>
</testsuite> <!-- com.IFHTests.RegistrationPageTest -->
