<?xml version="1.0" encoding="UTF-8"?>
<!-- Generated by org.testng.reporters.JUnitReportReporter -->
<testsuite skipped="0" hostname="Ashok" name="com.IFHTests.RegistrationPageTest" tests="2" failures="0" timestamp="2022-06-16T15:09:20 IST" time="68.602" errors="0">
  <testcase name="personalAccRegistrationPageTest" time="34.027" classname="com.IFHTests.RegistrationPageTest"/>
  <system-out/>
  <testcase name="businessAccRegistrationPageTest" time="34.575" classname="com.IFHTests.RegistrationPageTest"/>
  <system-out/>
</testsuite> <!-- com.IFHTests.RegistrationPageTest -->
