<?xml version="1.0" encoding="UTF-8"?>
<!-- Generated by org.testng.reporters.JUnitReportReporter -->
<testsuite skipped="0" hostname="Ashok" name="com.IFHTests.MySellingPageTest" tests="1" failures="0" timestamp="2022-06-21T09:47:10 IST" time="42.107" errors="0">
  <testcase name="mySellingOver" time="42.107" classname="com.IFHTests.MySellingPageTest"/>
  <system-out/>
</testsuite> <!-- com.IFHTests.MySellingPageTest -->
