<?xml version="1.0" encoding="UTF-8"?>
<!-- Generated by org.testng.reporters.JUnitReportReporter -->
<testsuite skipped="0" hostname="Ashok" name="com.IFHTests.RegistrationPageTest" tests="1" failures="0" timestamp="2022-06-16T12:49:29 IST" time="13.820" errors="0">
  <testcase name="PersonalAccRegistrationPageTest" time="13.820" classname="com.IFHTests.RegistrationPageTest"/>
  <system-out/>
</testsuite> <!-- com.IFHTests.RegistrationPageTest -->
