<?xml version="1.0" encoding="UTF-8"?>
<!-- Generated by org.testng.reporters.JUnitReportReporter -->
<testsuite skipped="0" hostname="Ashok" name="com.IFHTests.RegistrationPageTest" tests="2" failures="0" timestamp="2022-06-21T10:24:41 IST" time="18.354" errors="0">
  <testcase name="personalAccRegistrationPageTest" time="7.365" classname="com.IFHTests.RegistrationPageTest"/>
  <system-out/>
  <testcase name="businessAccRegistrationPageTest" time="10.989" classname="com.IFHTests.RegistrationPageTest"/>
  <system-out/>
</testsuite> <!-- com.IFHTests.RegistrationPageTest -->
