<?xml version="1.0" encoding="UTF-8"?>
<!-- Generated by org.testng.reporters.JUnitReportReporter -->
<testsuite skipped="0" hostname="Ashok" name="com.IFHTests.RegistrationPageTest" tests="1" failures="0" timestamp="2022-06-13T09:42:52 IST" time="8.588" errors="0">
  <testcase name="PersonalAccRegistrationPageTest" time="8.588" classname="com.IFHTests.RegistrationPageTest"/>
  <system-out/>
</testsuite> <!-- com.IFHTests.RegistrationPageTest -->
